# JRE version: OpenJDK Runtime Environment (8.0_152-b01) (build 1.8.0_152-release-1343-b01)
# Java VM: OpenJDK 64-Bit Server VM (25.152-b01 mixed mode windows-amd64 compressed oops)
Heap:
 PSYoungGen      total 254976K, used 93856K [0x00000000e0000000, 0x00000000f6400000, 0x0000000100000000)
  eden space 197120K, 23% used [0x00000000e0000000,0x00000000e2dd5bd0,0x00000000ec080000)
  from space 57856K, 81% used [0x00000000ec080000,0x00000000eee8a9d0,0x00000000ef900000)
  to   space 62976K, 0% used [0x00000000f2680000,0x00000000f2680000,0x00000000f6400000)
 ParOldGen       total 188928K, used 70750K [0x00000000a0000000, 0x00000000ab880000, 0x00000000e0000000)
  object space 188928K, 37% used [0x00000000a0000000,0x00000000a4517938,0x00000000ab880000)
 Metaspace       used 89764K, capacity 95370K, committed 95640K, reserved 1132544K
  class space    used 11634K, capacity 12601K, committed 12696K, reserved 1048576K
GC Heap History (10 events):
Event: 252.821 GC heap before
{Heap before GC invocations=20 (full 3):
 PSYoungGen      total 214528K, used 214496K [0x00000000e0000000, 0x00000000f0a80000, 0x0000000100000000)
  eden space 181248K, 100% used [0x00000000e0000000,0x00000000eb100000,0x00000000eb100000)
  from space 33280K, 99% used [0x00000000edb00000,0x00000000efb78198,0x00000000efb80000)
  to   space 43008K, 0% used [0x00000000eb100000,0x00000000eb100000,0x00000000edb00000)
 ParOldGen       total 188928K, used 49823K [0x00000000a0000000, 0x00000000ab880000, 0x00000000e0000000)
  object space 188928K, 26% used [0x00000000a0000000,0x00000000a30a7fe0,0x00000000ab880000)
 Metaspace       used 87832K, capacity 93142K, committed 93336K, reserved 1130496K
  class space    used 11429K, capacity 12379K, committed 12440K, reserved 1048576K
Event: 252.847 GC heap after
Heap after GC invocations=20 (full 3):
 PSYoungGen      total 224256K, used 42987K [0x00000000e0000000, 0x00000000f2d00000, 0x0000000100000000)
  eden space 181248K, 0% used [0x00000000e0000000,0x00000000e0000000,0x00000000eb100000)
  from space 43008K, 99% used [0x00000000eb100000,0x00000000edafaca0,0x00000000edb00000)
  to   space 53248K, 0% used [0x00000000ef900000,0x00000000ef900000,0x00000000f2d00000)
 ParOldGen       total 188928K, used 61600K [0x00000000a0000000, 0x00000000ab880000, 0x00000000e0000000)
  object space 188928K, 32% used [0x00000000a0000000,0x00000000a3c282b0,0x00000000ab880000)
 Metaspace       used 87832K, capacity 93142K, committed 93336K, reserved 1130496K
  class space    used 11429K, capacity 12379K, committed 12440K, reserved 1048576K
}
Event: 253.124 GC heap before
{Heap before GC invocations=21 (full 3):
 PSYoungGen      total 224256K, used 224235K [0x00000000e0000000, 0x00000000f2d00000, 0x0000000100000000)
  eden space 181248K, 100% used [0x00000000e0000000,0x00000000eb100000,0x00000000eb100000)
  from space 43008K, 99% used [0x00000000eb100000,0x00000000edafaca0,0x00000000edb00000)
  to   space 53248K, 0% used [0x00000000ef900000,0x00000000ef900000,0x00000000f2d00000)
 ParOldGen       total 188928K, used 61600K [0x00000000a0000000, 0x00000000ab880000, 0x00000000e0000000)
  object space 188928K, 32% used [0x00000000a0000000,0x00000000a3c282b0,0x00000000ab880000)
 Metaspace       used 88062K, capacity 93380K, committed 93592K, reserved 1130496K
  class space    used 11457K, capacity 12414K, committed 12440K, reserved 1048576K
Event: 253.149 GC heap after
Heap after GC invocations=21 (full 3):
 PSYoungGen      total 250368K, used 43901K [0x00000000e0000000, 0x00000000f4080000, 0x0000000100000000)
  eden space 197120K, 0% used [0x00000000e0000000,0x00000000e0000000,0x00000000ec080000)
  from space 53248K, 82% used [0x00000000ef900000,0x00000000f23df7b0,0x00000000f2d00000)
  to   space 57856K, 0% used [0x00000000ec080000,0x00000000ec080000,0x00000000ef900000)
 ParOldGen       total 188928K, used 64275K [0x00000000a0000000, 0x00000000ab880000, 0x00000000e0000000)
  object space 188928K, 34% used [0x00000000a0000000,0x00000000a3ec4c68,0x00000000ab880000)
 Metaspace       used 88062K, capacity 93380K, committed 93592K, reserved 1130496K
  class space    used 11457K, capacity 12414K, committed 12440K, reserved 1048576K
}
Event: 253.376 GC heap before
{Heap before GC invocations=22 (full 3):
 PSYoungGen      total 250368K, used 241021K [0x00000000e0000000, 0x00000000f4080000, 0x0000000100000000)
  eden space 197120K, 100% used [0x00000000e0000000,0x00000000ec080000,0x00000000ec080000)
  from space 53248K, 82% used [0x00000000ef900000,0x00000000f23df7b0,0x00000000f2d00000)
  to   space 57856K, 0% used [0x00000000ec080000,0x00000000ec080000,0x00000000ef900000)
 ParOldGen       total 188928K, used 64275K [0x00000000a0000000, 0x00000000ab880000, 0x00000000e0000000)
  object space 188928K, 34% used [0x00000000a0000000,0x00000000a3ec4c68,0x00000000ab880000)
 Metaspace       used 88402K, capacity 93656K, committed 93848K, reserved 1130496K
  class space    used 11488K, capacity 12418K, committed 12440K, reserved 1048576K
Event: 253.400 GC heap after
Heap after GC invocations=22 (full 3):
 PSYoungGen      total 254976K, used 48203K [0x00000000e0000000, 0x00000000f6400000, 0x0000000100000000)
  eden space 197120K, 0% used [0x00000000e0000000,0x00000000e0000000,0x00000000ec080000)
  from space 57856K, 83% used [0x00000000ec080000,0x00000000eef92dd8,0x00000000ef900000)
  to   space 62976K, 0% used [0x00000000f2680000,0x00000000f2680000,0x00000000f6400000)
 ParOldGen       total 188928K, used 64283K [0x00000000a0000000, 0x00000000ab880000, 0x00000000e0000000)
  object space 188928K, 34% used [0x00000000a0000000,0x00000000a3ec6c68,0x00000000ab880000)
 Metaspace       used 88402K, capacity 93656K, committed 93848K, reserved 1130496K
  class space    used 11488K, capacity 12418K, committed 12440K, reserved 1048576K
}
Event: 253.572 GC heap before
{Heap before GC invocations=23 (full 3):
 PSYoungGen      total 254976K, used 245323K [0x00000000e0000000, 0x00000000f6400000, 0x0000000100000000)
  eden space 197120K, 100% used [0x00000000e0000000,0x00000000ec080000,0x00000000ec080000)
  from space 57856K, 83% used [0x00000000ec080000,0x00000000eef92dd8,0x00000000ef900000)
  to   space 62976K, 0% used [0x00000000f2680000,0x00000000f2680000,0x00000000f6400000)
 ParOldGen       total 188928K, used 64283K [0x00000000a0000000, 0x00000000ab880000, 0x00000000e0000000)
  object space 188928K, 34% used [0x00000000a0000000,0x00000000a3ec6c68,0x00000000ab880000)
 Metaspace       used 88935K, capacity 94266K, committed 94488K, reserved 1130496K
  class space    used 11552K, capacity 12495K, committed 12568K, reserved 1048576K
Event: 253.599 GC heap after
Heap after GC invocations=23 (full 3):
 PSYoungGen      total 260096K, used 51635K [0x00000000e0000000, 0x00000000f6400000, 0x0000000100000000)
  eden space 197120K, 0% used [0x00000000e0000000,0x00000000e0000000,0x00000000ec080000)
  from space 62976K, 81% used [0x00000000f2680000,0x00000000f58ece38,0x00000000f6400000)
  to   space 57856K, 0% used [0x00000000ec080000,0x00000000ec080000,0x00000000ef900000)
 ParOldGen       total 188928K, used 64451K [0x00000000a0000000, 0x00000000ab880000, 0x00000000e0000000)
  object space 188928K, 34% used [0x00000000a0000000,0x00000000a3ef0c78,0x00000000ab880000)
 Metaspace       used 88935K, capacity 94266K, committed 94488K, reserved 1130496K
  class space    used 11552K, capacity 12495K, committed 12568K, reserved 1048576K
}
Event: 253.807 GC heap before
{Heap before GC invocations=24 (full 3):
 PSYoungGen      total 260096K, used 248755K [0x00000000e0000000, 0x00000000f6400000, 0x0000000100000000)
  eden space 197120K, 100% used [0x00000000e0000000,0x00000000ec080000,0x00000000ec080000)
  from space 62976K, 81% used [0x00000000f2680000,0x00000000f58ece38,0x00000000f6400000)
  to   space 57856K, 0% used [0x00000000ec080000,0x00000000ec080000,0x00000000ef900000)
 ParOldGen       total 188928K, used 64451K [0x00000000a0000000, 0x00000000ab880000, 0x00000000e0000000)
  object space 188928K, 34% used [0x00000000a0000000,0x00000000a3ef0c78,0x00000000ab880000)
 Metaspace       used 89593K, capacity 95024K, committed 95384K, reserved 1132544K
  class space    used 11612K, capacity 12576K, committed 12696K, reserved 1048576K
Event: 253.836 GC heap after
Heap after GC invocations=24 (full 3):
 PSYoungGen      total 254976K, used 47146K [0x00000000e0000000, 0x00000000f6400000, 0x0000000100000000)
  eden space 197120K, 0% used [0x00000000e0000000,0x00000000e0000000,0x00000000ec080000)
  from space 57856K, 81% used [0x00000000ec080000,0x00000000eee8a9d0,0x00000000ef900000)
  to   space 62976K, 0% used [0x00000000f2680000,0x00000000f2680000,0x00000000f6400000)
 ParOldGen       total 188928K, used 70750K [0x00000000a0000000, 0x00000000ab880000, 0x00000000e0000000)
  object space 188928K, 37% used [0x00000000a0000000,0x00000000a4517938,0x00000000ab880000)
 Metaspace       used 89593K, capacity 95024K, committed 95384K, reserved 1132544K
  class space    used 11612K, capacity 12576K, committed 12696K, reserved 1048576K
}

